


ARM Macro Assembler    Page 1 


    1 00000000         
    2 00000000                 PRESERVE8
    3 00000000                 THUMB
    4 00000000         
    5 00000000         
    6 00000000         ; Vector Table Mapped to Address 0 at Reset
    7 00000000                 AREA             RESET, DATA, READONLY
    8 00000000                 EXPORT           __Vectors
    9 00000000         
   10 00000000 00000000 
                       __Vectors
                               DCD              0
   11 00000004 00000000        DCD              Reset_Handler ; Reset Handler
   12 00000008         
   13 00000008                 AREA             |.text|, CODE, READONLY
   14 00000000         
   15 00000000         ; Reset handler
   16 00000000         Reset_Handler
                               PROC
   17 00000000                 EXPORT           Reset_Handler             [WEAK
]
   18 00000000                 IMPORT           main
   19 00000000                 IMPORT           my_memcpy
   20 00000000                 IMPORT           |Image$$RW_IRAM1$$Base|
   21 00000000                 IMPORT           |Image$$RW_IRAM1$$Length|
   22 00000000                 IMPORT           |Load$$RW_IRAM1$$Base|
   23 00000000         
   24 00000000 4804            LDR              R0, = |Image$$RW_IRAM1$$Base| 
                                                            ; DEST
   25 00000002 4905            LDR              R1, = |Load$$RW_IRAM1$$Base| 
                                                            ; SORUCE
   26 00000004 4A05            LDR              R2, = |Image$$RW_IRAM1$$Length|
 
                                                            ; LENGTH
   27 00000006 F8DF D018       LDR              SP, =(0x20000000+0x10000)
   28 0000000A F7FF FFFE       BL               my_memcpy
   29 0000000E F7FF FFFE       BL               main
   30 00000012         
   31 00000012                 ENDP
   32 00000012         
   33 00000012                 END
              00 00 00000000 
              00000000 
              00000000 
              20010000 
Command Line: --debug --xref --diag_suppress=9931 --cpu=Cortex-M3 --apcs=interw
ork --depend=..\output\start.d -o..\output\start.o -ID:\keil\Keil\STM32F1xx_DFP
\2.4.0\Device\Include --predefine="__EVAL SETA 1" --predefine="__UVISION_VERSIO
N SETA 537" --predefine="STM32F10X_HD SETA 1" --list=.\listings\start.lst start
.s



ARM Macro Assembler    Page 1 Alphabetic symbol ordering
Relocatable symbols

RESET 00000000

Symbol: RESET
   Definitions
      At line 7 in file start.s
   Uses
      None
Comment: RESET unused
__Vectors 00000000

Symbol: __Vectors
   Definitions
      At line 10 in file start.s
   Uses
      At line 8 in file start.s
Comment: __Vectors used once
2 symbols



ARM Macro Assembler    Page 1 Alphabetic symbol ordering
Relocatable symbols

.text 00000000

Symbol: .text
   Definitions
      At line 13 in file start.s
   Uses
      None
Comment: .text unused
Reset_Handler 00000000

Symbol: Reset_Handler
   Definitions
      At line 16 in file start.s
   Uses
      At line 11 in file start.s
      At line 17 in file start.s

2 symbols



ARM Macro Assembler    Page 1 Alphabetic symbol ordering
External symbols

Image$$RW_IRAM1$$Base 00000000

Symbol: Image$$RW_IRAM1$$Base
   Definitions
      At line 20 in file start.s
   Uses
      At line 24 in file start.s
Comment: Image$$RW_IRAM1$$Base used once
Image$$RW_IRAM1$$Length 00000000

Symbol: Image$$RW_IRAM1$$Length
   Definitions
      At line 21 in file start.s
   Uses
      At line 26 in file start.s
Comment: Image$$RW_IRAM1$$Length used once
Load$$RW_IRAM1$$Base 00000000

Symbol: Load$$RW_IRAM1$$Base
   Definitions
      At line 22 in file start.s
   Uses
      At line 25 in file start.s
Comment: Load$$RW_IRAM1$$Base used once
main 00000000

Symbol: main
   Definitions
      At line 18 in file start.s
   Uses
      At line 29 in file start.s
Comment: main used once
my_memcpy 00000000

Symbol: my_memcpy
   Definitions
      At line 19 in file start.s
   Uses
      At line 28 in file start.s
Comment: my_memcpy used once
5 symbols
344 symbols in table
