


ARM Macro Assembler    Page 1 


    1 00000000         
    2 00000000                 PRESERVE8
    3 00000000                 THUMB
    4 00000000         
    5 00000000         
    6 00000000         ; Vector Table Mapped to Address 0 at Reset
    7 00000000                 AREA             RESET, DATA, READONLY
    8 00000000                 EXPORT           __Vectors
    9 00000000         
   10 00000000 00000000 
                       __Vectors
                               DCD              0
   11 00000004 00000000        DCD              Reset_Handler ; Reset Handler
   12 00000008         
   13 00000008                 AREA             |.text|, CODE, READONLY
   14 00000000         
   15 00000000         ; Reset handler
   16 00000000         Reset_Handler
                               PROC
   17 00000000                 EXPORT           Reset_Handler             [WEAK
]
   18 00000000                 IMPORT           main
   19 00000000         
   20 00000000                 IMPORT           my_memcpy
   21 00000000                 IMPORT           |Image$$RW_IRAM1$$Base|
   22 00000000                 IMPORT           |Image$$RW_IRAM1$$Length|
   23 00000000                 IMPORT           |Load$$RW_IRAM1$$Base|
   24 00000000         
   25 00000000                 IMPORT           my_memset
   26 00000000                 IMPORT           |Image$$RW_IRAM1$$ZI$$Base|
   27 00000000                 IMPORT           |Image$$RW_IRAM1$$ZI$$Length|
   28 00000000         
   29 00000000 4807            LDR              R0, = |Image$$RW_IRAM1$$Base| 
                                                            ; DEST
   30 00000002 4908            LDR              R1, = |Load$$RW_IRAM1$$Base| 
                                                            ; SORUCE
   31 00000004 4A08            LDR              R2, = |Image$$RW_IRAM1$$Length|
 
                                                            ; LENGTH
   32 00000006 F8DF D024       LDR              SP, =(0x20000000+0x10000)
   33 0000000A F7FF FFFE       BL               my_memcpy
   34 0000000E         
   35 0000000E 4808            LDR              R0, = |Image$$RW_IRAM1$$ZI$$Bas
e| 
                                                            ; DEST
   36 00000010 F04F 0100       MOV              R1,#0       ; SET_VALUE
   37 00000014 4A07            LDR              R2, = |Image$$RW_IRAM1$$ZI$$Len
gth| 
                                                            ; LENGTH
   38 00000016 F7FF FFFE       BL               my_memset
   39 0000001A F7FF FFFE       BL               main
   40 0000001E         
   41 0000001E                 ENDP
   42 0000001E         
   43 0000001E                 END
              00 00 00000000 
              00000000 
              00000000 
              20010000 



ARM Macro Assembler    Page 2 


              00000000 
              00000000 
Command Line: --debug --xref --diag_suppress=9931 --cpu=Cortex-M3 --apcs=interw
ork --depend=..\output\start.d -o..\output\start.o -ID:\keil\Keil\STM32F1xx_DFP
\2.4.0\Device\Include --predefine="__EVAL SETA 1" --predefine="__UVISION_VERSIO
N SETA 537" --predefine="STM32F10X_HD SETA 1" --list=.\listings\start.lst start
.s



ARM Macro Assembler    Page 1 Alphabetic symbol ordering
Relocatable symbols

RESET 00000000

Symbol: RESET
   Definitions
      At line 7 in file start.s
   Uses
      None
Comment: RESET unused
__Vectors 00000000

Symbol: __Vectors
   Definitions
      At line 10 in file start.s
   Uses
      At line 8 in file start.s
Comment: __Vectors used once
2 symbols



ARM Macro Assembler    Page 1 Alphabetic symbol ordering
Relocatable symbols

.text 00000000

Symbol: .text
   Definitions
      At line 13 in file start.s
   Uses
      None
Comment: .text unused
Reset_Handler 00000000

Symbol: Reset_Handler
   Definitions
      At line 16 in file start.s
   Uses
      At line 11 in file start.s
      At line 17 in file start.s

2 symbols



ARM Macro Assembler    Page 1 Alphabetic symbol ordering
External symbols

Image$$RW_IRAM1$$Base 00000000

Symbol: Image$$RW_IRAM1$$Base
   Definitions
      At line 21 in file start.s
   Uses
      At line 29 in file start.s
Comment: Image$$RW_IRAM1$$Base used once
Image$$RW_IRAM1$$Length 00000000

Symbol: Image$$RW_IRAM1$$Length
   Definitions
      At line 22 in file start.s
   Uses
      At line 31 in file start.s
Comment: Image$$RW_IRAM1$$Length used once
Image$$RW_IRAM1$$ZI$$Base 00000000

Symbol: Image$$RW_IRAM1$$ZI$$Base
   Definitions
      At line 26 in file start.s
   Uses
      At line 35 in file start.s
Comment: Image$$RW_IRAM1$$ZI$$Base used once
Image$$RW_IRAM1$$ZI$$Length 00000000

Symbol: Image$$RW_IRAM1$$ZI$$Length
   Definitions
      At line 27 in file start.s
   Uses
      At line 37 in file start.s
Comment: Image$$RW_IRAM1$$ZI$$Length used once
Load$$RW_IRAM1$$Base 00000000

Symbol: Load$$RW_IRAM1$$Base
   Definitions
      At line 23 in file start.s
   Uses
      At line 30 in file start.s
Comment: Load$$RW_IRAM1$$Base used once
main 00000000

Symbol: main
   Definitions
      At line 18 in file start.s
   Uses
      At line 39 in file start.s
Comment: main used once
my_memcpy 00000000

Symbol: my_memcpy
   Definitions
      At line 20 in file start.s
   Uses
      At line 33 in file start.s
Comment: my_memcpy used once
my_memset 00000000

Symbol: my_memset



ARM Macro Assembler    Page 2 Alphabetic symbol ordering
External symbols

   Definitions
      At line 25 in file start.s
   Uses
      At line 38 in file start.s
Comment: my_memset used once
8 symbols
347 symbols in table
